<?xml version="1.0" encoding="UTF-8"?>
<testng-results ignored="0" total="2" passed="2" failed="0" skipped="0">
  <reporter-output>
  </reporter-output>
  <suite started-at="2022-07-28T17:40:16 IST" name="Dignity Health Test Automation" finished-at="2022-07-28T17:42:43 IST" duration-ms="146546">
    <groups>
    </groups>
    <test started-at="2022-07-28T17:40:16 IST" name="Test" finished-at="2022-07-28T17:42:43 IST" duration-ms="146546">
      <class name="com.dignity.qa.tests.FindaDoctorTest">
        <test-method is-config="true" signature="setup()[pri:0, instance:com.dignity.qa.tests.FindaDoctorTest@446293d]" started-at="2022-07-28T17:40:16 IST" name="setup" finished-at="2022-07-28T17:41:12 IST" duration-ms="55855" status="PASS">
          <reporter-output>
          </reporter-output>
        </test-method> <!-- setup -->
        <test-method signature="ValidateCorrectUsernameTest()[pri:1, instance:com.dignity.qa.tests.FindaDoctorTest@446293d]" started-at="2022-07-28T17:41:12 IST" name="ValidateCorrectUsernameTest" finished-at="2022-07-28T17:41:12 IST" duration-ms="47" status="PASS">
          <reporter-output>
          </reporter-output>
        </test-method> <!-- ValidateCorrectUsernameTest -->
        <test-method is-config="true" signature="takeScreenshot(org.testng.ITestResult)[pri:0, instance:com.dignity.qa.tests.FindaDoctorTest@446293d]" started-at="2022-07-28T17:41:12 IST" name="takeScreenshot" finished-at="2022-07-28T17:41:13 IST" duration-ms="933" status="PASS">
          <params>
            <param index="0">
              <value>
                <![CDATA[[TestResult name=ValidateCorrectUsernameTest status=SUCCESS method=FindaDoctorTest.ValidateCorrectUsernameTest()[pri:1, instance:com.dignity.qa.tests.FindaDoctorTest@446293d] output={null}]]]>
              </value>
            </param>
          </params>
          <reporter-output>
          </reporter-output>
        </test-method> <!-- takeScreenshot -->
        <test-method is-config="true" signature="setup()[pri:0, instance:com.dignity.qa.tests.FindaDoctorTest@446293d]" started-at="2022-07-28T17:41:13 IST" name="setup" finished-at="2022-07-28T17:41:55 IST" duration-ms="42624" status="PASS">
          <reporter-output>
          </reporter-output>
        </test-method> <!-- setup -->
        <test-method signature="doctorSearchTest()[pri:2, instance:com.dignity.qa.tests.FindaDoctorTest@446293d]" started-at="2022-07-28T17:41:55 IST" name="doctorSearchTest" finished-at="2022-07-28T17:42:42 IST" duration-ms="46072" status="PASS">
          <reporter-output>
          </reporter-output>
        </test-method> <!-- doctorSearchTest -->
        <test-method is-config="true" signature="takeScreenshot(org.testng.ITestResult)[pri:0, instance:com.dignity.qa.tests.FindaDoctorTest@446293d]" started-at="2022-07-28T17:42:42 IST" name="takeScreenshot" finished-at="2022-07-28T17:42:43 IST" duration-ms="944" status="PASS">
          <params>
            <param index="0">
              <value>
                <![CDATA[[TestResult name=doctorSearchTest status=SUCCESS method=FindaDoctorTest.doctorSearchTest()[pri:2, instance:com.dignity.qa.tests.FindaDoctorTest@446293d] output={null}]]]>
              </value>
            </param>
          </params>
          <reporter-output>
          </reporter-output>
        </test-method> <!-- takeScreenshot -->
      </class> <!-- com.dignity.qa.tests.FindaDoctorTest -->
    </test> <!-- Test -->
  </suite> <!-- Dignity Health Test Automation -->
</testng-results>
