<?xml version="1.0" encoding="UTF-8"?>
<!-- Generated by org.testng.reporters.JUnitXMLReporter -->
<testsuite ignored="0" hostname="dell" failures="0" tests="4" name="Test" time="198.006" errors="0" timestamp="2022-07-18T21:01:43 IST">
  <testcase classname="com.dignity.qa.tests.LoginPageTest" name="verifyLoginTitleTest" time="0.054"/>
  <testcase classname="com.dignity.qa.tests.LoginPageTest" name="LoginTest" time="31.249"/>
  <testcase classname="com.dignity.qa.tests.FindaDoctorTest" name="ValidateCorrectUsernameTest" time="0.032"/>
  <testcase classname="com.dignity.qa.tests.FindaDoctorTest" name="doctorSearchTest" time="16.353"/>
</testsuite> <!-- Test -->
